This is pdfTeX, Version 3.14159265-2.6-1.40.17 (TeX Live 2016) (preloaded format=pdflatex 2016.5.22)  9 OCT 2016 23:09
entering extended mode
 restricted \write18 enabled.
 file:line:error style messages enabled.
 %&-line parsing enabled.
**Report.tex
(./Report.tex
LaTeX2e <2016/03/31>
Babel <3.9r> and hyphenation patterns for 83 language(s) loaded.
(/usr/local/texlive/2016/texmf-dist/tex/latex/base/article.cls
Document Class: article 2014/09/29 v1.4h Standard LaTeX document class
(/usr/local/texlive/2016/texmf-dist/tex/latex/base/size11.clo
File: size11.clo 2014/09/29 v1.4h Standard LaTeX file (size option)
)
\c@part=\count79
\c@section=\count80
\c@subsection=\count81
\c@subsubsection=\count82
\c@paragraph=\count83
\c@subparagraph=\count84
\c@figure=\count85
\c@table=\count86
\abovecaptionskip=\skip41
\belowcaptionskip=\skip42
\bibindent=\dimen102
) (/usr/local/texlive/2016/texmf-dist/tex/latex/graphics/graphicx.sty
Package: graphicx 2014/10/28 v1.0g Enhanced LaTeX Graphics (DPC,SPQR)
 (/usr/local/texlive/2016/texmf-dist/tex/latex/graphics/keyval.sty
Package: keyval 2014/10/28 v1.15 key=value parser (DPC)
\KV@toks@=\toks14
) (/usr/local/texlive/2016/texmf-dist/tex/latex/graphics/graphics.sty
Package: graphics 2016/05/09 v1.0r Standard LaTeX Graphics (DPC,SPQR)
 (/usr/local/texlive/2016/texmf-dist/tex/latex/graphics/trig.sty
Package: trig 2016/01/03 v1.10 sin cos tan (DPC)
) (/usr/local/texlive/2016/texmf-dist/tex/latex/graphics-cfg/graphics.cfg
File: graphics.cfg 2016/01/02 v1.10 sample graphics configuration
)
Package graphics Info: Driver file: pdftex.def on input line 96.
 (/usr/local/texlive/2016/texmf-dist/tex/latex/pdftex-def/pdftex.def
File: pdftex.def 2011/05/27 v0.06d Graphics/color for pdfTeX
 (/usr/local/texlive/2016/texmf-dist/tex/generic/oberdiek/infwarerr.sty
Package: infwarerr 2016/05/16 v1.4 Providing info/warning/error messages (HO)
) (/usr/local/texlive/2016/texmf-dist/tex/generic/oberdiek/ltxcmds.sty
Package: ltxcmds 2016/05/16 v1.23 LaTeX kernel commands for general use (HO)
)
\Gread@gobject=\count87
))
\Gin@req@height=\dimen103
\Gin@req@width=\dimen104
) (/Users/johannesheidecke/Studies/CV/lab1/report/.texpadtmp/Report.aux)
\openout1 = `Report.aux'.

LaTeX Font Info:    Checking defaults for OML/cmm/m/it on input line 19.
LaTeX Font Info:    ... okay on input line 19.
LaTeX Font Info:    Checking defaults for T1/cmr/m/n on input line 19.
LaTeX Font Info:    ... okay on input line 19.
LaTeX Font Info:    Checking defaults for OT1/cmr/m/n on input line 19.
LaTeX Font Info:    ... okay on input line 19.
LaTeX Font Info:    Checking defaults for OMS/cmsy/m/n on input line 19.
LaTeX Font Info:    ... okay on input line 19.
LaTeX Font Info:    Checking defaults for OMX/cmex/m/n on input line 19.
LaTeX Font Info:    ... okay on input line 19.
LaTeX Font Info:    Checking defaults for U/cmr/m/n on input line 19.
LaTeX Font Info:    ... okay on input line 19.
 (/usr/local/texlive/2016/texmf-dist/tex/context/base/mkii/supp-pdf.mkii
[Loading MPS to PDF converter (version 2006.09.02).]
\scratchcounter=\count88
\scratchdimen=\dimen105
\scratchbox=\box26
\nofMPsegments=\count89
\nofMParguments=\count90
\everyMPshowfont=\toks15
\MPscratchCnt=\count91
\MPscratchDim=\dimen106
\MPnumerator=\count92
\makeMPintoPDFobject=\count93
\everyMPtoPDFconversion=\toks16
) (/usr/local/texlive/2016/texmf-dist/tex/generic/oberdiek/pdftexcmds.sty
Package: pdftexcmds 2016/05/10 v0.21 Utility functions of pdfTeX for LuaTeX (HO)
 (/usr/local/texlive/2016/texmf-dist/tex/generic/oberdiek/ifluatex.sty
Package: ifluatex 2016/05/16 v1.4 Provides the ifluatex switch (HO)
Package ifluatex Info: LuaTeX not detected.
) (/usr/local/texlive/2016/texmf-dist/tex/generic/oberdiek/ifpdf.sty
Package: ifpdf 2016/05/14 v3.1 Provides the ifpdf switch
)
Package pdftexcmds Info: LuaTeX not detected.
Package pdftexcmds Info: \pdf@primitive is available.
Package pdftexcmds Info: \pdf@ifprimitive is available.
Package pdftexcmds Info: \pdfdraftmode found.
) (/usr/local/texlive/2016/texmf-dist/tex/latex/oberdiek/epstopdf-base.sty
Package: epstopdf-base 2016/05/15 v2.6 Base part for package epstopdf
 (/usr/local/texlive/2016/texmf-dist/tex/latex/oberdiek/grfext.sty
Package: grfext 2016/05/16 v1.2 Manage graphics extensions (HO)
 (/usr/local/texlive/2016/texmf-dist/tex/generic/oberdiek/kvdefinekeys.sty
Package: kvdefinekeys 2016/05/16 v1.4 Define keys (HO)
)) (/usr/local/texlive/2016/texmf-dist/tex/latex/oberdiek/kvoptions.sty
Package: kvoptions 2016/05/16 v3.12 Key value format for package options (HO)
 (/usr/local/texlive/2016/texmf-dist/tex/generic/oberdiek/kvsetkeys.sty
Package: kvsetkeys 2016/05/16 v1.17 Key value parser (HO)
 (/usr/local/texlive/2016/texmf-dist/tex/generic/oberdiek/etexcmds.sty
Package: etexcmds 2016/05/16 v1.6 Avoid name clashes with e-TeX commands (HO)
Package etexcmds Info: Could not find \expanded.
(etexcmds)             That can mean that you are not using pdfTeX 1.50 or
(etexcmds)             that some package has redefined \expanded.
(etexcmds)             In the latter case, load this package earlier.
)))
Package grfext Info: Graphics extension search list:
(grfext)             [.png,.pdf,.jpg,.mps,.jpeg,.jbig2,.jb2,.PNG,.PDF,.JPG,.JPEG,.JBIG2,.JB2,.eps]
(grfext)             \AppendGraphicsExtensions on input line 456.
 (/usr/local/texlive/2016/texmf-dist/tex/latex/latexconfig/epstopdf-sys.cfg
File: epstopdf-sys.cfg 2010/07/13 v1.3 Configuration of (r)epstopdf for TeX Live
))
LaTeX Font Info:    External font `cmex10' loaded for size
(Font)              <12> on input line 21.
LaTeX Font Info:    External font `cmex10' loaded for size
(Font)              <8> on input line 21.
LaTeX Font Info:    External font `cmex10' loaded for size
(Font)              <6> on input line 21.
 <task1.png, id=1, 1020.81375pt x 243.91125pt>
File: task1.png Graphic file (type png)
 <use task1.png>
Package pdftex.def Info: task1.png used on input line 29.
(pdftex.def)             Requested size: 360.0pt x 86.01779pt.
 [1

{/usr/local/texlive/2016/texmf-var/fonts/map/pdftex/updmap/pdftex.map} <./task1.png>] <task2.png, id=13, 1072.005pt x 586.19pt>
File: task2.png Graphic file (type png)
 <use task2.png>
Package pdftex.def Info: task2.png used on input line 40.
(pdftex.def)             Requested size: 360.0pt x 196.85117pt.
 <task3.png, id=14, 851.18pt x 625.33624pt>
File: task3.png Graphic file (type png)
 <use task3.png>
Package pdftex.def Info: task3.png used on input line 48.
(pdftex.def)             Requested size: 360.0pt x 264.481pt.
 [2 <./task2.png>] <task4.png, id=20, 1069.9975pt x 266.9975pt>
File: task4.png Graphic file (type png)
 <use task4.png>
Package pdftex.def Info: task4.png used on input line 56.
(pdftex.def)             Requested size: 360.0pt x 89.83276pt.
 [3 <./task3.png> <./task4.png>] <task5.png, id=26, 986.68625pt x 626.34pt>
File: task5.png Graphic file (type png)
 <use task5.png>
Package pdftex.def Info: task5.png used on input line 66.
(pdftex.def)             Requested size: 360.0pt x 228.53096pt.
 <task6.png, id=27, 1068.99374pt x 636.3775pt>
File: task6.png Graphic file (type png)
 <use task6.png>
Package pdftex.def Info: task6.png used on input line 74.
(pdftex.def)             Requested size: 360.0pt x 214.3069pt.
 [4 <./task5.png>] <task7.png, id=32, 1040.88875pt x 238.8925pt>
File: task7.png Graphic file (type png)
 <use task7.png>
Package pdftex.def Info: task7.png used on input line 82.
(pdftex.def)             Requested size: 360.0pt x 82.62212pt.
 <task8.png, id=33, 1044.90375pt x 238.8925pt>
File: task8.png Graphic file (type png)
 <use task8.png>
Package pdftex.def Info: task8.png used on input line 90.
(pdftex.def)             Requested size: 360.0pt x 82.305pt.
 [5 <./task6.png> <./task7.png>] <task9.png, id=39, 1040.88875pt x 392.46625pt>
File: task9.png Graphic file (type png)
 <use task9.png>
Package pdftex.def Info: task9.png used on input line 100.
(pdftex.def)             Requested size: 360.0pt x 135.73634pt.
 [6 <./task8.png> <./task9.png>] <task10.png, id=45, 935.495pt x 623.32875pt>
File: task10.png Graphic file (type png)
 <use task10.png>
Package pdftex.def Info: task10.png used on input line 108.
(pdftex.def)             Requested size: 360.0pt x 239.87292pt.
 <task11.png, id=46, 1037.8775pt x 328.22626pt>
File: task11.png Graphic file (type png)
 <use task11.png>
Package pdftex.def Info: task11.png used on input line 116.
(pdftex.def)             Requested size: 360.0pt x 113.84918pt.
 [7 <./task10.png>] <task12.png, id=52, 681.54625pt x 256.96pt>
File: task12.png Graphic file (type png)
 <use task12.png>
Package pdftex.def Info: task12.png used on input line 124.
(pdftex.def)             Requested size: 360.0pt x 135.7294pt.
 <task13.png, id=53, 1048.91875pt x 487.8225pt>
File: task13.png Graphic file (type png)
 <use task13.png>
Package pdftex.def Info: task13.png used on input line 132.
(pdftex.def)             Requested size: 360.0pt x 167.4206pt.
 <task14.png, id=54, 1045.9075pt x 486.81876pt>
File: task14.png Graphic file (type png)
 <use task14.png>
Package pdftex.def Info: task14.png used on input line 140.
(pdftex.def)             Requested size: 360.0pt x 167.56638pt.
 [8 <./task11.png> <./task12.png>] [9 <./task13.png> <./task14.png>] <task15.png, id=65, 1045.9075pt x 494.84875pt>
File: task15.png Graphic file (type png)
 <use task15.png>
Package pdftex.def Info: task15.png used on input line 150.
(pdftex.def)             Requested size: 360.0pt x 170.33037pt.
 <task16.png, id=66, 1036.87375pt x 235.88126pt>
File: task16.png Graphic file (type png)
 <use task16.png>
Package pdftex.def Info: task16.png used on input line 158.
(pdftex.def)             Requested size: 360.0pt x 81.8974pt.

<task17.png, id=67, 1042.89626pt x 315.1775pt>
File: task17.png Graphic file (type png)
 <use task17.png>
Package pdftex.def Info: task17.png used on input line 166.
(pdftex.def)             Requested size: 360.0pt x 108.79405pt.
 <task18.png, id=68, 1131.22626pt x 489.83pt>
File: task18.png Graphic file (type png)
 <use task18.png>
Package pdftex.def Info: task18.png used on input line 176.
(pdftex.def)             Requested size: 360.0pt x 155.88179pt.
 [10 <./task15.png> <./task16.png>]
Overfull \hbox (3.12181pt too wide) in paragraph at lines 183--184
\OT1/cmr/m/n/10.95 The in-built Mat-lab func-tion \OT1/cmr/m/it/10.95 im-bi-na-rize \OT1/cmr/m/n/10.95 cre-ates a log-i-cal ar-ray for an grayscale
 []

[11 <./task17.png> <./task18.png>] <task19.png, id=80, 1028.84375pt x 233.87375pt>
File: task19.png Graphic file (type png)
 <use task19.png>
Package pdftex.def Info: task19.png used on input line 188.
(pdftex.def)             Requested size: 360.0pt x 81.83562pt.
 <task20.png, id=81, 1125.20375pt x 568.1225pt>
File: task20.png Graphic file (type png)
 <use task20.png>
Package pdftex.def Info: task20.png used on input line 196.
(pdftex.def)             Requested size: 360.0pt x 181.76823pt.
 <task21.png, id=82, 1141.26375pt x 569.12625pt>
File: task21.png Graphic file (type png)
 <use task21.png>
Package pdftex.def Info: task21.png used on input line 204.
(pdftex.def)             Requested size: 360.0pt x 179.51888pt.
 <task22.png, id=83, 985.6825pt x 597.23125pt>
File: task22.png Graphic file (type png)
 <use task22.png>
Package pdftex.def Info: task22.png used on input line 214.
(pdftex.def)             Requested size: 360.0pt x 218.12885pt.
 [12 <./task19.png>] [13 <./task20.png> <./task21.png>] [14 <./task22.png>] (/Users/johannesheidecke/Studies/CV/lab1/report/.texpadtmp/Report.aux) ) 
Here is how much of TeX's memory you used:
 1620 strings out of 493014
 23570 string characters out of 6133351
 80705 words of memory out of 5000000
 5148 multiletter control sequences out of 15000+600000
 8094 words of font info for 29 fonts, out of 8000000 for 9000
 1141 hyphenation exceptions out of 8191
 37i,6n,23p,756b,221s stack positions out of 5000i,500n,10000p,200000b,80000s
</usr/local/texlive/2016/texmf-dist/fonts/type1/public/amsfonts/cm/cmbx12.pfb></usr/local/texlive/2016/texmf-dist/fonts/type1/public/amsfonts/cm/cmr10.pfb></usr/local/texlive/2016/texmf-dist/fonts/type1/public/amsfonts/cm/cmr12.pfb></usr/local/texlive/2016/texmf-dist/fonts/type1/public/amsfonts/cm/cmr17.pfb></usr/local/texlive/2016/texmf-dist/fonts/type1/public/amsfonts/cm/cmti10.pfb></usr/local/texlive/2016/texmf-dist/fonts/type1/public/amsfonts/cm/cmtt10.pfb>
Output written on /Users/johannesheidecke/Studies/CV/lab1/report/.texpadtmp/Report.pdf (14 pages, 15668201 bytes).
PDF statistics:
 119 PDF objects out of 1000 (max. 8388607)
 52 compressed objects within 1 object stream
 0 named destinations out of 1000 (max. 500000)
 111 words of extra memory for PDF output out of 10000 (max. 10000000)

